do run
loading script "felix_analysis400_120_no_save_center.py"
loading script "felix_pump_ms.py"
loading script "felix_diode.py"
loading script "felix_pump_extraction_line.py"
testing...
no interpolation path defined
executed snippet estimated_duration=559.2304, duration=0.000394105911255
script duration name:analysis400_120_no_save_center seconds:559.0
loading script "felix_analysis400_120_no_save_center.py"
loading script "felix_pump_ms.py"
loading script "felix_diode.py"
loading script "felix_pump_extraction_line.py"
testing...
no interpolation path defined
executed snippet estimated_duration=0, duration=4.29153442383e-05
loading script "felix_analysis400_120_no_save_center.py"
loading script "felix_pump_ms.py"
loading script "felix_diode.py"
loading script "felix_pump_extraction_line.py"
testing...
no interpolation path defined
calculate duration
testing...
no interpolation path defined
executed snippet estimated_duration=0, duration=0.000105857849121
calculate duration
testing...
no interpolation path defined
executed snippet estimated_duration=0, duration=3.40938568115e-05
calculate duration
testing...
no interpolation path defined
executed snippet estimated_duration=42.0, duration=0.000133037567139
executed snippet estimated_duration=42.0, duration=0.00490188598633
script duration name:diode seconds:42.0
loading script "felix_analysis400_120_no_save_center.py"
loading script "felix_pump_ms.py"
loading script "felix_diode.py"
loading script "felix_pump_extraction_line.py"
testing...
no interpolation path defined
calculate duration
testing...
no interpolation path defined
executed snippet estimated_duration=4.0, duration=0.000272989273071
executed snippet estimated_duration=4.0, duration=0.00213122367859
Script duration 601.0
Run total estimated duration= 602.000
run duration: 0:10:02
doing event level: 2
14:48:41 -- Setting default integration. t=1.048576
setting integration time = 1.048576
SetIntegrationTime 1.048576 ===>> OK
----------------- start -----------------
**************** Experiment Type: Ar/Ar, Ar/Ar
create new session 4749350576
close session 4749350576
$$$$$ Clearing conditionals
adding conditionals 
Add queue conditionals
add default conditionals
adding default conditionals from /Users/obama/PychronDev/setupfiles/spectrometer/default_conditionals.yaml
Start automated run 65779-01M
loading script "felix_analysis400_120_no_save_center.py"
loading script "felix_pump_ms.py"
loading script "felix_diode.py"
loading script "felix_pump_extraction_line.py"
%%%%%%%%%%%%%%%%%% setting automated run 65779-01M
No value "sensitivity_multiplier" in metadata
$$$$$$$$$$$$$$$ auto_save_detector_ic=False
============================= Pre Extraction Check =============================
loading queue conditionals pre_run_terminations
queue conditionals path /Users/obama/PychronDev/queue_conditionals/normal.yaml
loading conditionals from /Users/obama/PychronDev/queue_conditionals/normal.yaml
loading system conditionals pre_run_terminations
loading conditionals from /Users/obama/PychronDev/setupfiles/spectrometer/default_conditionals.yaml
14:48:41 -- ******* Pre Extraction Check *******
Get a measurement from the spectrometer
Pre Extraction Termination data. keys=L2(CDD),H2,H1,AX,L1,L2, signals=0.00337,0.07093,-0.20240,-0.10250,-0.18570,0.06030
14:48:41 -- testing system defined conditionals
Checking default pre extraction terminations n=2
testing L2_CDD_
evaluate ot="L2(CDD).inactive" t="L2_CDD_", ctx="{'L2_CDD_': False}"
GetDeflection L2 (CDD) ===>> 0
testing L2_CDD_==3250
evaluate ot="L2(CDD).deflection==3250" t="L2_CDD_==3250", ctx="{'L2_CDD_': 0.0}"
14:48:41 -- ******* Pre Extraction Check Passed *******
=================================================================================
14:48:41 -- stopping status monitor
stop 4721497392
Status monitor stopped
Status monitor finished
Get Handler timed out. timeout=3. comms simulation=False
Get Handler timed out. timeout=0.25. comms simulation=False
Get Handler timed out. timeout=0.25. comms simulation=False
14:48:46 -- starting status monitor
start 4721497392
StatusMonitor period=3. Frequencies(state=1, checksum=3, lock=5, owner=5)
Get Handler timed out. timeout=3. comms simulation=False
Get Handler timed out. timeout=0.25. comms simulation=False
Get Handler timed out. timeout=0.25. comms simulation=False
start extraction
do extraction
Analysis started at 14:48:50.613542
Extraction Started felix_diode.py
14:48:50 -- ******* Extraction Started felix_diode.py *******
state changed from not run to extraction
DO EXTRACTION <pychron.extraction_line.pyscript_runner.RemotePyScriptRunner object at 0x11c7f7890>
testing...
no interpolation path defined
calculate duration
testing...
no interpolation path defined
executed snippet estimated_duration=0, duration=0.000111103057861
calculate duration
testing...
no interpolation path defined
executed snippet estimated_duration=0, duration=3.38554382324e-05
calculate duration
testing...
no interpolation path defined
executed snippet estimated_duration=42.0, duration=0.000103950500488
executed snippet estimated_duration=204.0, duration=0.00528287887573
Felix unknown laser analysis
set_motor ('beam', '3.0') {}
setting motor "beam" to 3.0
set motor beam to 3.0
SetMotor beam,3.0 ===>> OK
Get Handler timed out. timeout=3. comms simulation=False
Get Handler timed out. timeout=0.25. comms simulation=False
Get Handler timed out. timeout=0.25. comms simulation=False
GetMotorMoving beam ===>> False
GetMotorMoving beam ===>> False
Block completed
doing GOSUB
testing...
no interpolation path defined
executed snippet estimated_duration=0, duration=0.000125169754028
Prepare for Diode Analysis
close () {'description': 'Felix Inlet'}
close name=--- desc=Felix Inlet
checking ownership. requestor=129.138.12.137
check software interlocks H
interlocks []
actuate state mode=None-script, software_lock=False
doing actuation None-script close_channel False
Close H ===>> OK
GetIndicatorState H ===>> False
change switch state (True, True)
update switch state H False args=() kw={} ncanvase=7
14:48:51 -- CLOSE  VALVE-H (Felix Inlet)
-------------------------- close None (Felix Inlet) result=[(True, True)]
action=close, ok=True, locked=[False]
open () {'description': 'Felix Ion Pump'}
open name=--- desc=Felix Ion Pump
checking ownership. requestor=129.138.12.137
check software interlocks V
interlocks []
actuate state mode=None-script, software_lock=False
doing actuation None-script open_channel False
Open V ===>> OK
GetIndicatorState V ===>> OK
change switch state (True, True)
update switch state V True args=() kw={} ncanvase=7
14:48:52 -- OPEN   VALVE-V (Felix Ion Pump)
-------------------------- open None (Felix Ion Pump) result=[(True, True)]
action=open, ok=True, locked=[False]
close () {'description': 'Bone to Minibone'}
close name=--- desc=Bone to Minibone
checking ownership. requestor=129.138.12.137
check software interlocks E
interlocks []
actuate state mode=None-script, software_lock=False
doing actuation None-script close_channel False
Close E ===>> OK
GetIndicatorState E ===>> False
change switch state (True, True)
update switch state E False args=() kw={} ncanvase=7
14:48:52 -- CLOSE  VALVE-E (Bone to Minibone)
-------------------------- close None (Bone to Minibone) result=[(True, True)]
action=close, ok=True, locked=[False]
open () {'description': 'Bone to Getter GP-50'}
open name=--- desc=Bone to Getter GP-50
checking ownership. requestor=129.138.12.137
check software interlocks N
interlocks []
actuate state mode=None-script, software_lock=False
doing actuation None-script open_channel False
Open N ===>> OK
GetIndicatorState N ===>> OK
change switch state (True, True)
update switch state N True args=() kw={} ncanvase=7
14:48:53 -- OPEN   VALVE-N (Bone to Getter GP-50)
-------------------------- open None (Bone to Getter GP-50) result=[(True, True)]
action=open, ok=True, locked=[False]
close () {'description': 'Bone to CO2 Laser'}
close name=--- desc=Bone to CO2 Laser
checking ownership. requestor=129.138.12.137
check software interlocks D
interlocks []
actuate state mode=None-script, software_lock=False
doing actuation None-script close_channel True
Close D ===>> OK
GetIndicatorState D ===>> False
change switch state (True, True)
update switch state D False args=() kw={} ncanvase=7
14:48:54 -- CLOSE  VALVE-D (Bone to CO2 Laser)
-------------------------- close None (Bone to CO2 Laser) result=[(True, True)]
action=close, ok=True, locked=[False]
open () {'description': 'Bone to Diode Laser'}
open name=--- desc=Bone to Diode Laser
checking ownership. requestor=129.138.12.137
check software interlocks B
interlocks []
actuate state mode=None-script, software_lock=False
doing actuation None-script open_channel False
Open B ===>> OK
Get Handler timed out. timeout=3. comms simulation=False
GetIndicatorState B ===>> OK
change switch state (True, True)
update switch state B True args=() kw={} ncanvase=7
14:48:54 -- OPEN   VALVE-B (Bone to Diode Laser)
-------------------------- open None (Bone to Diode Laser) result=[(True, True)]
Get Handler timed out. timeout=0.25. comms simulation=False
action=open, ok=True, locked=[False]
executed snippet estimated_duration=0, duration=3.12185788155
PrepareForDiodeAnalysis.py completed successfully
gosub finished
doing GOSUB
testing...
no interpolation path defined
executed snippet estimated_duration=0, duration=4.50611114502e-05
Isolate coldfinger
close () {'name': 'B', 'description': 'Bone to Diode Laser'}
close name=B desc=Bone to Diode Laser
checking ownership. requestor=129.138.12.137
check software interlocks B
interlocks []
actuate state mode=None-script, software_lock=False
doing actuation None-script close_channel True
Close B ===>> OK
GetIndicatorState B ===>> False
change switch state (True, True)
update switch state B False args=() kw={} ncanvase=7
Get Handler timed out. timeout=0.25. comms simulation=False
14:48:55 -- CLOSE  VALVE-B (Bone to Diode Laser)
-------------------------- close B (Bone to Diode Laser) result=[(True, True)]
action=close, ok=True, locked=[False]
executed snippet estimated_duration=0, duration=0.520459890366
IsolateDiodeColdfinger.py completed successfully
gosub finished
open () {'description': 'Bone to Turbo'}
open name=--- desc=Bone to Turbo
checking ownership. requestor=129.138.12.137
check software interlocks C
interlocks []
actuate state mode=None-script, software_lock=False
doing actuation None-script open_channel False
Open C ===>> OK
GetIndicatorState C ===>> OK
change switch state (True, True)
update switch state C True args=() kw={} ncanvase=7
14:48:55 -- OPEN   VALVE-C (Bone to Turbo)
-------------------------- open None (Bone to Turbo) result=[(True, True)]
action=open, ok=True, locked=[False]
Diodelaser enabled. Heating sample.
enable () {}
set extraction state FusionsDiode Enabled (False, 'red', 1.5)
enabling laser
Enable ===>> OK
move_to_position ('1',) {}
FusionsDiode move to position 1
sending GoToHole 1,True
GoToHole 1,True ===>> OK
GetDriveMoving ===>> False
GetDriveMoving ===>> False
Block completed
GetAutoCorrecting ===>> False
Get Handler timed out. timeout=3. comms simulation=False
Get Handler timed out. timeout=0.25. comms simulation=False
GetAutoCorrecting ===>> False
Block completed
update position
GetPosition ===>> -4.80060,14.40180,4.00000
got position (-4.8006, 14.4018, 4.0)
move to position succeeded
BEGIN INTERVAL Interval 1 waiting for 40.0
block started
set extract to 15.0 (watts)
WaitControl setup for 40.0  
extract () {}
GetPosition ===>> -4.80060,14.40180,4.00000
set extraction state FusionsDiode ON! 15.0(watts) (0.75, 'red', 1.5)
extract sample to 15.0 (watts)
set laser output
SetLaserOutput 15.0,watts ===>> OK
sleep (2,) {}
SLEEP 2.0
block started
WaitControl setup for 2.0  
Get Handler timed out. timeout=0.25. comms simulation=False
Join finished
block finished. duration 2.02393198013
executing pattern diamond_37hole_3mmbeam.lp
execute_pattern ('diamond_37hole_3mmbeam.lp',) {}
executing pattern diamond_37hole_3mmbeam.lp
Get Handler timed out. timeout=3. comms simulation=False
Get Handler timed out. timeout=0.25. comms simulation=False
IsPatterning ===>> OK
Get Handler timed out. timeout=0.25. comms simulation=False
IsPatterning ===>> OK
IsPatterning ===>> OK
IsPatterning ===>> OK
Get Handler timed out. timeout=3. comms simulation=False
Get Handler timed out. timeout=0.25. comms simulation=False
Get Handler timed out. timeout=0.25. comms simulation=False
IsPatterning ===>> OK
IsPatterning ===>> OK
IsPatterning ===>> OK
Get Handler timed out. timeout=3. comms simulation=False
IsPatterning ===>> OK
Get Handler timed out. timeout=0.25. comms simulation=False
Get Handler timed out. timeout=0.25. comms simulation=False
IsPatterning ===>> OK
IsPatterning ===>> OK
IsPatterning ===>> OK
Get Handler timed out. timeout=3. comms simulation=False
Get Handler timed out. timeout=0.25. comms simulation=False
Get Handler timed out. timeout=0.25. comms simulation=False
IsPatterning ===>> OK
IsPatterning ===>> OK
IsPatterning ===>> OK
Get Handler timed out. timeout=3. comms simulation=False
IsPatterning ===>> OK
Get Handler timed out. timeout=0.25. comms simulation=False
Get Handler timed out. timeout=0.25. comms simulation=False
IsPatterning ===>> OK
IsPatterning ===>> OK
IsPatterning ===>> OK
Get Handler timed out. timeout=3. comms simulation=False
Get Handler timed out. timeout=0.25. comms simulation=False
Get Handler timed out. timeout=0.25. comms simulation=False
IsPatterning ===>> OK
IsPatterning ===>> OK
IsPatterning ===>> OK
Get Handler timed out. timeout=3. comms simulation=False
IsPatterning ===>> OK
Get Handler timed out. timeout=0.25. comms simulation=False
Get Handler timed out. timeout=0.25. comms simulation=False
IsPatterning ===>> OK
IsPatterning ===>> OK
IsPatterning ===>> OK
Get Handler timed out. timeout=3. comms simulation=False
Get Handler timed out. timeout=0.25. comms simulation=False
IsPatterning ===>> OK
Get Handler timed out. timeout=0.25. comms simulation=False
IsPatterning ===>> OK
IsPatterning ===>> OK
IsPatterning ===>> OK
Get Handler timed out. timeout=3. comms simulation=False
Get Handler timed out. timeout=0.25. comms simulation=False
Get Handler timed out. timeout=0.25. comms simulation=False
IsPatterning ===>> OK
IsPatterning ===>> OK
IsPatterning ===>> OK
Get Handler timed out. timeout=3. comms simulation=False
Get Handler timed out. timeout=0.25. comms simulation=False
IsPatterning ===>> OK
Get Handler timed out. timeout=0.25. comms simulation=False
IsPatterning ===>> OK
IsPatterning ===>> OK
IsPatterning ===>> False
Get Handler timed out. timeout=3. comms simulation=False
Get Handler timed out. timeout=0.25. comms simulation=False
Get Handler timed out. timeout=0.25. comms simulation=False
IsPatterning ===>> False
Block completed
COMPLETE INTERVAL waiting for Interval 1 to complete
Join finished
block finished. duration 40.0534780025
Interval 1 finished
Diode laser disabled.
disable () {}
%%%%%%%%%%%%%%%%%%%%%%%%%%%%%%%%%%% disable
set extraction state False (0.75, 'red', 1.5)
disabling laser
Disable ===>> OK
doing GOSUB
testing...
no interpolation path defined
executed snippet estimated_duration=42.0, duration=0.000148057937622
Equilibrate then isolate coldfinger
close () {'name': 'C', 'description': 'Bone to Turbo'}
close name=C desc=Bone to Turbo
checking ownership. requestor=129.138.12.137
check software interlocks C
interlocks []
actuate state mode=None-script, software_lock=False
doing actuation None-script close_channel True
Close C ===>> OK
GetIndicatorState C ===>> False
change switch state (True, True)
update switch state C False args=() kw={} ncanvase=7
14:49:39 -- CLOSE  VALVE-C (Bone to Turbo)
-------------------------- close C (Bone to Turbo) result=[(True, True)]
action=close, ok=True, locked=[False]
sleep (1,) {}
SLEEP 1.0
open () {'name': 'B', 'description': 'Bone to Diode Laser'}
open name=B desc=Bone to Diode Laser
checking ownership. requestor=129.138.12.137
check software interlocks B
interlocks []
actuate state mode=None-script, software_lock=False
doing actuation None-script open_channel True
Open B ===>> OK
GetIndicatorState B ===>> OK
change switch state (True, True)
update switch state B True args=() kw={} ncanvase=7
14:49:40 -- OPEN   VALVE-B (Bone to Diode Laser)
-------------------------- open B (Bone to Diode Laser) result=[(True, True)]
action=open, ok=True, locked=[False]
sleep (20,) {}
SLEEP 20.0
block started
WaitControl setup for 20.0  
Get Handler timed out. timeout=3. comms simulation=False
Get Handler timed out. timeout=0.25. comms simulation=False
Get Handler timed out. timeout=0.25. comms simulation=False
Get Handler timed out. timeout=3. comms simulation=False
Get Handler timed out. timeout=0.25. comms simulation=False
Get Handler timed out. timeout=0.25. comms simulation=False
Get Handler timed out. timeout=3. comms simulation=False
Get Handler timed out. timeout=0.25. comms simulation=False
Get Handler timed out. timeout=0.25. comms simulation=False
Get Handler timed out. timeout=3. comms simulation=False
Get Handler timed out. timeout=0.25. comms simulation=False
Get Handler timed out. timeout=0.25. comms simulation=False
Get Handler timed out. timeout=3. comms simulation=False
Get Handler timed out. timeout=0.25. comms simulation=False
Get Handler timed out. timeout=0.25. comms simulation=False
Get Handler timed out. timeout=3. comms simulation=False
Get Handler timed out. timeout=0.25. comms simulation=False
Get Handler timed out. timeout=0.25. comms simulation=False
Join finished
block finished. duration 20.0403659344
close () {'name': 'B', 'description': 'Bone to Diode Laser'}
close name=B desc=Bone to Diode Laser
checking ownership. requestor=129.138.12.137
check software interlocks B
interlocks []
actuate state mode=None-script, software_lock=False
doing actuation None-script close_channel True
Close B ===>> OK
GetIndicatorState B ===>> False
change switch state (True, True)
update switch state B False args=() kw={} ncanvase=7
14:50:01 -- CLOSE  VALVE-B (Bone to Diode Laser)
-------------------------- close B (Bone to Diode Laser) result=[(True, True)]
action=close, ok=True, locked=[False]
executed snippet estimated_duration=63.0, duration=22.4530160427
EquilibrateThenIsolateDiodeColdfinger.py completed successfully
gosub finished
sleep (60.0,) {}
SLEEP 60.0
block started
WaitControl setup for 60.0  
Get Handler timed out. timeout=3. comms simulation=False
Get Handler timed out. timeout=0.25. comms simulation=False
Get Handler timed out. timeout=0.25. comms simulation=False
Get Handler timed out. timeout=3. comms simulation=False
Get Handler timed out. timeout=0.25. comms simulation=False
Get Handler timed out. timeout=0.25. comms simulation=False
Get Handler timed out. timeout=3. comms simulation=False
Get Handler timed out. timeout=0.25. comms simulation=False
Get Handler timed out. timeout=0.25. comms simulation=False
Get Handler timed out. timeout=3. comms simulation=False
Get Handler timed out. timeout=0.25. comms simulation=False
Get Handler timed out. timeout=0.25. comms simulation=False
Get Handler timed out. timeout=3. comms simulation=False
Get Handler timed out. timeout=0.25. comms simulation=False
Get Handler timed out. timeout=0.25. comms simulation=False
Get Handler timed out. timeout=3. comms simulation=False
Get Handler timed out. timeout=0.25. comms simulation=False
Get Handler timed out. timeout=0.25. comms simulation=False
Get Handler timed out. timeout=3. comms simulation=False
Get Handler timed out. timeout=0.25. comms simulation=False
Get Handler timed out. timeout=0.25. comms simulation=False
Get Handler timed out. timeout=3. comms simulation=False
Get Handler timed out. timeout=0.25. comms simulation=False
Get Handler timed out. timeout=0.25. comms simulation=False
Get Handler timed out. timeout=3. comms simulation=False
Get Handler timed out. timeout=0.25. comms simulation=False
Get Handler timed out. timeout=0.25. comms simulation=False
Get Handler timed out. timeout=3. comms simulation=False
Get Handler timed out. timeout=0.25. comms simulation=False
Get Handler timed out. timeout=0.25. comms simulation=False
Get Handler timed out. timeout=3. comms simulation=False
Get Handler timed out. timeout=0.25. comms simulation=False
Get Handler timed out. timeout=0.25. comms simulation=False
Get Handler timed out. timeout=3. comms simulation=False
Get Handler timed out. timeout=0.25. comms simulation=False
Get Handler timed out. timeout=0.25. comms simulation=False
Get Handler timed out. timeout=3. comms simulation=False
Get Handler timed out. timeout=0.25. comms simulation=False
Get Handler timed out. timeout=0.25. comms simulation=False
Get Handler timed out. timeout=3. comms simulation=False
Get Handler timed out. timeout=0.25. comms simulation=False
Get Handler timed out. timeout=0.25. comms simulation=False
Get Handler timed out. timeout=3. comms simulation=False
Get Handler timed out. timeout=0.25. comms simulation=False
Get Handler timed out. timeout=0.25. comms simulation=False
Get Handler timed out. timeout=3. comms simulation=False
Get Handler timed out. timeout=0.25. comms simulation=False
Get Handler timed out. timeout=0.25. comms simulation=False
Get Handler timed out. timeout=3. comms simulation=False
Get Handler timed out. timeout=0.25. comms simulation=False
Get Handler timed out. timeout=0.25. comms simulation=False
Join finished
block finished. duration 60.0987770557
executed snippet estimated_duration=306.5, duration=130.858035088
felix_diode.py completed successfully
GetAchievedOutput ===>> No Response
Requested Output= 0.000
Achieved Output=  0.000
GetResponseBlob ===>> G[20][179]N[00][00][00][00][00]Y[168]=[00][00][250]DS[203][05]@[00][00][250]D[128][239][130]@[00]...
GetOutputBlob ===>> G[20][179]N[00][00][00][00][00]Y[168]=[169][176][229]AS[203][05]@[00][00][00][00][128][239][130]@...
persistence save...
persistence save - db
AutomatedRunPersister post_extraction_save deprecated
persistence save - dvc
no extraction position for 1
not connected to db mysql://felixexp@129.138.12.160/labspy
Get Handler timed out. timeout=3. comms simulation=False
Get Handler timed out. timeout=0.25. comms simulation=False
Enviromentals: {'lab_humiditys': [{'device': 'EnvironmentalMonitor',
                    'name': 'Lab Hum.',
                    'pub_date': '2017-08-08T14:48:42',
                    'title': 'iServer Hum.',
                    'value': 50.8}],
 'lab_pneumatics': [{'device': 'AirPressure',
                     'name': 'Pressure',
                     'pub_date': '2017-08-08T14:50:05',
                     'title': None,
                     'value': 83.625},
                    {'device': 'AirPressure2',
                     'name': 'Pressure2',
                     'pub_date': '2017-08-08T14:50:11',
                     'title': None,
                     'value': 84.36142}],
 'lab_temperatures': [{'device': 'Coldfinger',
                       'name': 'ColdFinger Temp.',
                       'pub_date': '2017-08-08T11:50:04',
                       'title': None,
                       'value': -195.0},
                      {'device': 'EnvironmentalMonitor',
                       'name': 'Lab Temp.',
                       'pub_date': '2017-08-08T14:24:29',
                       'title': 'iServer Temp.',
                       'value': 76.1},
                      {'device': 'Chiller',
                       'name': 'Coolant Temp.',
                       'pub_date': '2017-08-08T14:32:12',
                       'title': None,
                       'value': 18.0}]}
Extraction Finished
14:51:03 -- ******* Extraction Finished *******
no overlap. not waiting for min ms pumptime
14:51:03 -- Sending spectrometer configuration
======== Sending configuration ========
SetZFocus 1.65 ===>> OK
SetHV 9900.0 ===>> OK
SetZSymmetry 3.35 ===>> OK
SetExtractionLens 63.57 ===>> OK
SetIonRepeller -5.15 ===>> OK
SetElectronEnergy 125.02 ===>> OK
SetYSymmetry 38.07 ===>> OK
send trap current 250.0
GetParameter Trap Current Readback ===>> 248.271195751694
SetParameter Trap Current Set,250.0 ===>> OK
updating mftable name argon
Using mftable located at /Users/obama/PychronDev/setupfiles/spectrometer/mftables/argon.csv
============ MFtable ===========
Isotope  H2     H1     AX     L1     L2     L2(CDD)
Ar40     3.7657 3.8409 3.9190 4.0004 4.1082 4.0938
Ar39     3.6913 3.7657 3.8421 3.9249 4.0276 4.0128
Ar36     3.4649 3.4174 3.6065 3.6824 3.7912 3.7657
================================
get initial guess parabolic
get initial guess parabolic
get initial guess parabolic
get initial guess parabolic
get initial guess parabolic
get initial guess parabolic
======== Configuration Finished ========
Get Handler timed out. timeout=0.25. comms simulation=False
GetYSymmetry ===>> 38.07
GetZSymmetry ===>> 3.35
GetParameter Trap Current Readback ===>> 248.159311481414
GetHighVoltage ===>> 9900
start measurement
do measurement
L#=65779 analysis type=unknown
Measurement Started felix_analysis400_120_no_save_center.py
14:51:04 -- ******* Measurement Started felix_analysis400_120_no_save_center.py *******
state changed from extraction to measurement
setting trap, emission, spec, defl, and gains
GetExtractionLens ===>> 63.57
GetYSymmetry ===>> 38.07
GetZSymmetry ===>> 3.35
GetZFocus ===>> 1.65
GetDeflection H2 (CDD) ===>> 3250
GetDeflection H1 (CDD) ===>> 3250
GetDeflection AX (CDD) ===>> 3250
GetDeflection L1 (CDD) ===>> 3250
GetDeflection L2 (CDD) ===>> 0
GetGain H2 ===>> 0.9809305
GetGain H1 ===>> 0.9706
GetGain AX ===>> 0.96269
GetGain L1 ===>> 0.970094835296087
GetGain L2 ===>> 0.967359864778375
GetGain H2(CDD) ===>> 0
GetGain H1(CDD) ===>> 0
GetGain AX(CDD) ===>> 0
GetGain L1(CDD) ===>> 0
GetGain L2(CDD) ===>> 0
GetParameter Trap Current Readback ===>> 247.823658670573
GetParameter Source Current Readback ===>> 889.630043337606
pre measurement save
New frame /Users/obama/PychronDev/data/isotopes/7f/9add1d-f677-40eb-8653-9cb6c03f6536.h5
flush and close file /Users/obama/PychronDev/data/isotopes/7f/9add1d-f677-40eb-8653-9cb6c03f6536.h5
testing...
no interpolation path defined
executed snippet estimated_duration=585.2304, duration=0.000272989273071
unknown measurement script
activate_detectors ('H2', 'H1', 'AX', 'L1', 'L2(CDD)') {}
activate detectors
*************** Set Analysis View Ar/Ar
create graphs
clearing graphs
clear isotope group
setting isotope det=H2, iso=Ar40
setting isotope det=H1, iso=Ar39
setting isotope det=AX, iso=Ar38
setting isotope det=L1, iso=Ar37
setting isotope det=L2(CDD), iso=Ar36
setting previous blanks
 - setting Ar40 blank 0.165+/-0.018
 - setting Ar36 blank 0.00218+/-0.00016
 - setting Ar37 blank -0.007+/-0.012
 - setting Ar38 blank 0.020+/-0.014
 - setting Ar39 blank 0.009+/-0.026
load analysis view
position_magnet ('Ar40',) {'detector': 'H2'}
detector Detector(H2)
POSITION Ar40 H2
setting detector H2 to Ar40 (39.9624)
setting detector H1 to Ar39 (38.8624)
setting detector AX to Ar38 (37.9624)
setting detector L1 to Ar37 (36.9624)
setting detector L2 to Ar36 (35.8624)
setting detector H2(CDD) to Ar40 (39.8624)
setting detector H1(CDD) to Ar39 (38.8624)
setting detector AX(CDD) to Ar38 (37.8624)
setting detector L1(CDD) to Ar37 (36.8624)
setting detector L2(CDD) to Ar36 (35.9624)
Mapping mass to dac mass func: "parabolic"
H2 map mass coeffs = [ -2.56720193e-04   9.47812314e-02   3.87994975e-01]
H2 map mass to dac 39.9624 >> 3.7657
GetHighVoltage ===>> 9900
positioning Ar40 (3.7657) on H2
setting magnet DAC
current  : 3.767700
requested: 3.765700
Delta Dac: 0.002000
Checking detector protection. dv=0.00200
SetMagnetDAC 3.7657 ===>> OK
Magnet settling time: 0.500 0.500
Magnet settling complete
set_dac. change=True
equilibrate () {'delay': 3, 'inlet': 'H', 'outlet': 'V', 'eqtime': 25.0}
Equilibration Started
14:51:05 -- ******* Equilibration Started *******
checking ownership. requestor=129.138.12.137
check software interlocks V
interlocks []
actuate state mode=None-script, software_lock=False
doing actuation None-script close_channel True
update labels <pychron.experiment.plot_panel.PlotPanel object at 0x13d495170>
update labels "<pychron.graph.stacked_regression_graph.StackedRegressionGraph object at 0x14ba5cd10>"
setting label 0 H2 Ar40
setting label 1 H1 Ar39
setting label 2 AX Ar38
setting label 3 L1 Ar37
setting label 4 L2(CDD) Ar36
update labels "<pychron.graph.stacked_graph.StackedGraph object at 0x14c4b7590>"
setting label 0 H2 Ar40
setting label 1 H1 Ar39
setting label 2 AX Ar38
setting label 3 L1 Ar37
setting label 4 L2(CDD) Ar36
Close V ===>> OK
GetIndicatorState V ===>> False
change switch state (True, True)
update switch state V False args=() kw={} ncanvase=7
14:51:05 -- CLOSE  VALVE-V (Felix Ion Pump)
waiting 3s before opening inlet value ('H',)
Get Handler timed out. timeout=3. comms simulation=False
Get Handler timed out. timeout=0.25. comms simulation=False
Get Handler timed out. timeout=0.25. comms simulation=False
checking ownership. requestor=129.138.12.137
check software interlocks H
interlocks []
actuate state mode=None-script, software_lock=False
doing actuation None-script open_channel True
Open H ===>> OK
GetIndicatorState H ===>> OK
change switch state (True, True)
update switch state H True args=() kw={} ncanvase=7
14:51:08 -- OPEN   VALVE-H (Felix Inlet)
equilibrating for 25.0sec
set_time_zero () {}
sniff (25.0,) {}
py_sniff
build tables- sniff [Detector(H2), Detector(H1), Detector(AX), Detector(L1), Detector(L2(CDD))]
add group /sniff/Ar40 (Group) u'' table H2
add group /sniff/Ar39 (Group) u'' table H1
add group /sniff/Ar38 (Group) u'' table AX
add group /sniff/Ar37 (Group) u'' table L1
add group /sniff/Ar36 (Group) u'' table L2(CDD)
flush and close file /Users/obama/PychronDev/data/isotopes/7f/9add1d-f677-40eb-8653-9cb6c03f6536.h5
measuring sniff. ncounts=25.0
"sniff" increment series count="1" fit count="0" regressing="False"
starting measurement
Get Handler timed out. timeout=3. comms simulation=False
Get Handler timed out. timeout=0.25. comms simulation=False
Get Handler timed out. timeout=0.25. comms simulation=False
Get Handler timed out. timeout=3. comms simulation=False
Get Handler timed out. timeout=0.25. comms simulation=False
Get Handler timed out. timeout=0.25. comms simulation=False
Get Handler timed out. timeout=3. comms simulation=False
Get Handler timed out. timeout=0.25. comms simulation=False
Get Handler timed out. timeout=0.25. comms simulation=False
Get Handler timed out. timeout=3. comms simulation=False
Get Handler timed out. timeout=0.25. comms simulation=False
Get Handler timed out. timeout=0.25. comms simulation=False
Get Handler timed out. timeout=3. comms simulation=False
Get Handler timed out. timeout=0.25. comms simulation=False
Get Handler timed out. timeout=0.25. comms simulation=False
Get Handler timed out. timeout=3. comms simulation=False
Get Handler timed out. timeout=0.25. comms simulation=False
Get Handler timed out. timeout=0.25. comms simulation=False
Get Handler timed out. timeout=3. comms simulation=False
Get Handler timed out. timeout=0.25. comms simulation=False
Get Handler timed out. timeout=0.25. comms simulation=False
Equilibration Finished
14:51:33 -- ******* Equilibration Finished *******
checking ownership. requestor=129.138.12.137
check software interlocks H
interlocks []
actuate state mode=None-script, software_lock=False
doing actuation None-script close_channel True
Close H ===>> OK
GetIndicatorState H ===>> False
change switch state (True, True)
update switch state H False args=() kw={} ncanvase=7
14:51:33 -- CLOSE  VALVE-H (Felix Inlet)
Post Equilibration Started felix_pump_extraction_line.py
14:51:33 -- ******* Post Equilibration Started felix_pump_extraction_line.py *******
testing...
no interpolation path defined
calculate duration
testing...
no interpolation path defined
executed snippet estimated_duration=4.0, duration=0.000301122665405
executed snippet estimated_duration=4.0, duration=0.00212693214417
Pump after analysis
doing GOSUB
testing...
no interpolation path defined
executed snippet estimated_duration=4.0, duration=0.000269889831543
Pump Bone
close () {'description': 'Felix Inlet'}
close name=--- desc=Felix Inlet
checking ownership. requestor=129.138.12.137
check software interlocks H
interlocks []
actuate state mode=None-script, software_lock=False
doing actuation None-script close_channel False
Close H ===>> OK
GetIndicatorState H ===>> False
change switch state (True, True)
update switch state H False args=() kw={} ncanvase=7
14:51:34 -- CLOSE  VALVE-H (Felix Inlet)
-------------------------- close None (Felix Inlet) result=[(True, True)]
14:51:34 -- collecting point 25
action=close, ok=True, locked=[False]
is_closed ('A',) {}
is A () closed?
is closed False
close () {'description': 'CO2 Laser to Bone'}
close name=--- desc=CO2 Laser to Bone
checking ownership. requestor=129.138.12.137
check software interlocks F
interlocks []
actuate state mode=None-script, software_lock=True
VALVE-F(CO2 Laser to Bone) software locked
change switch state (True, False)
-------------------------- close None (CO2 Laser to Bone) result=[(True, False)]
action=close, ok=True, locked=[True]
sleep (1,) {}
SLEEP 1.0
waiting for write to finish
close () {'description': 'CO2 Laser to Roughing'}
close name=--- desc=CO2 Laser to Roughing
checking ownership. requestor=129.138.12.137
check software interlocks G
interlocks []
actuate state mode=None-script, software_lock=True
VALVE-G(CO2 Laser to Roughing) software locked
change switch state (True, False)
-------------------------- close None (CO2 Laser to Roughing) result=[(True, False)]
action=close, ok=True, locked=[True]
open () {'description': 'Bone to Turbo'}
open name=--- desc=Bone to Turbo
checking ownership. requestor=129.138.12.137
check software interlocks C
interlocks []
actuate state mode=None-script, software_lock=False
doing actuation None-script open_channel True
measurement finished
estimated time: 26.214 actual time: :26.353
flush and close file /Users/obama/PychronDev/data/isotopes/7f/9add1d-f677-40eb-8653-9cb6c03f6536.h5
set_fits () {}
using default fits file=/Users/obama/PychronDev/scripts/measurement/fits/nominal.yaml
Open C ===>> OK
set "Ar40" to "('Parabolic', 'SEM')"
set "Ar36" to "('Parabolic', 'SEM')"
set "Ar37" to "('linear', 'SEM')"
set "Ar38" to "('linear', 'SEM')"
set "Ar39" to "('Parabolic', 'SEM')"
set_baseline_fits () {}
using default fits file=/Users/obama/PychronDev/scripts/measurement/fits/nominal.yaml
GetIndicatorState C ===>> OK
set "H2" to "('average', 'SEM')"
change switch state (True, True)
set "L2(CDD)" to "('average', 'SEM')"
update switch state C True args=() kw={} ncanvase=7
set "L1" to "('average', 'SEM')"
set "AX" to "('average', 'SEM')"
set "H1" to "('average', 'SEM')"
multicollect () {'integration_time': 1.048576, 'ncounts': 400}
build tables- signal [Detector(H2), Detector(H1), Detector(AX), Detector(L1), Detector(L2(CDD))]
add group /signal/Ar40 (Group) u'' table H2
add group /signal/Ar39 (Group) u'' table H1
add group /signal/Ar38 (Group) u'' table AX
add group /signal/Ar37 (Group) u'' table L1
add group /signal/Ar36 (Group) u'' table L2(CDD)
flush and close file /Users/obama/PychronDev/data/isotopes/7f/9add1d-f677-40eb-8653-9cb6c03f6536.h5
measuring signal. ncounts=400
14:51:35 -- OPEN   VALVE-C (Bone to Turbo)
-------------------------- open None (Bone to Turbo) result=[(True, True)]
Get Handler timed out. timeout=3. comms simulation=False
action=open, ok=True, locked=[False]
open () {'description': 'Bone to Getter GP-50'}
open name=--- desc=Bone to Getter GP-50
checking ownership. requestor=129.138.12.137
check software interlocks N
interlocks []
actuate state mode=None-script, software_lock=False
doing actuation None-script open_channel False
"signal" increment series count="2" fit count="1" regressing="True"
Open N ===>> OK
GetIndicatorState N ===>> OK
change switch state (True, True)
update switch state N True args=() kw={} ncanvase=7
Get Handler timed out. timeout=0.25. comms simulation=False
14:51:36 -- OPEN   VALVE-N (Bone to Getter GP-50)
-------------------------- open None (Bone to Getter GP-50) result=[(True, True)]
starting measurement
Get Handler timed out. timeout=0.25. comms simulation=False
action=open, ok=True, locked=[False]
open () {'description': 'Bone to Diode Laser'}
open name=--- desc=Bone to Diode Laser
checking ownership. requestor=129.138.12.137
check software interlocks B
interlocks []
actuate state mode=None-script, software_lock=False
doing actuation None-script open_channel True
Open B ===>> OK
GetIndicatorState B ===>> OK
change switch state (True, True)
update switch state B True args=() kw={} ncanvase=7
14:51:36 -- OPEN   VALVE-B (Bone to Diode Laser)
-------------------------- open None (Bone to Diode Laser) result=[(True, True)]
action=open, ok=True, locked=[False]
open () {'description': 'Bone to CO2 Laser'}
open name=--- desc=Bone to CO2 Laser
checking ownership. requestor=129.138.12.137
check software interlocks D
interlocks []
actuate state mode=None-script, software_lock=False
doing actuation None-script open_channel True
Open D ===>> OK
GetIndicatorState D ===>> OK
change switch state (True, True)
update switch state D True args=() kw={} ncanvase=7
14:51:37 -- OPEN   VALVE-D (Bone to CO2 Laser)
-------------------------- open None (Bone to CO2 Laser) result=[(True, True)]
action=open, ok=True, locked=[False]
sleep (1,) {}
SLEEP 1.0
set_resource () {'name': 'CO2PumpTimeFlag', 'value': 30}
Set CO2PumpTimeFlag 30 ===>> OK
release ('FelixCO2Flag',) {}
release FelixCO2Flag
Set FelixCO2Flag 0 ===>> OK
executed snippet estimated_duration=6.0, duration=4.71478009224
PumpBone.py completed successfully
gosub finished
get_resource_value () {'name': 'FelixMiniboneFlag'}
Read FelixMiniboneFlag ===>> 0
Get Resource Value FelixMiniboneFlag=0.0
executed snippet estimated_duration=4.0, duration=4.73931312561
felix_pump_extraction_line.py completed successfully
Post Equilibration Finished
14:51:38 -- ******* Post Equilibration Finished *******
Get Handler timed out. timeout=3. comms simulation=False
Get Handler timed out. timeout=0.25. comms simulation=False
Get Handler timed out. timeout=0.25. comms simulation=False
Get Handler timed out. timeout=3. comms simulation=False
Get Handler timed out. timeout=0.25. comms simulation=False
Get Handler timed out. timeout=0.25. comms simulation=False
Get Handler timed out. timeout=3. comms simulation=False
Get Handler timed out. timeout=0.25. comms simulation=False
Get Handler timed out. timeout=0.25. comms simulation=False
Get Handler timed out. timeout=3. comms simulation=False
Get Handler timed out. timeout=0.25. comms simulation=False
Get Handler timed out. timeout=0.25. comms simulation=False
GetDeflection L2 (CDD) ===>> 0
testing L2_CDD_==3250
evaluate ot="L2(CDD).deflection==3250" t="L2_CDD_==3250", ctx="{'L2_CDD_': 0.0}"
Get Handler timed out. timeout=3. comms simulation=False
Get Handler timed out. timeout=0.25. comms simulation=False
Get Handler timed out. timeout=0.25. comms simulation=False
Get Handler timed out. timeout=3. comms simulation=False
Get Handler timed out. timeout=0.25. comms simulation=False
Get Handler timed out. timeout=0.25. comms simulation=False
Get Handler timed out. timeout=3. comms simulation=False
Get Handler timed out. timeout=0.25. comms simulation=False
GetDeflection L2 (CDD) ===>> 0
testing L2_CDD_==3250
evaluate ot="L2(CDD).deflection==3250" t="L2_CDD_==3250", ctx="{'L2_CDD_': 0.0}"
14:52:01 -- collecting point 25
Get Handler timed out. timeout=0.25. comms simulation=False
Get Handler timed out. timeout=3. comms simulation=False
Get Handler timed out. timeout=0.25. comms simulation=False
Get Handler timed out. timeout=0.25. comms simulation=False
Get Handler timed out. timeout=3. comms simulation=False
Get Handler timed out. timeout=0.25. comms simulation=False
Get Handler timed out. timeout=0.25. comms simulation=False
Get Handler timed out. timeout=3. comms simulation=False
GetDeflection L2 (CDD) ===>> 0
testing L2_CDD_==3250
evaluate ot="L2(CDD).deflection==3250" t="L2_CDD_==3250", ctx="{'L2_CDD_': 0.0}"
Get Handler timed out. timeout=0.25. comms simulation=False
Get Handler timed out. timeout=0.25. comms simulation=False
Get Handler timed out. timeout=3. comms simulation=False
Get Handler timed out. timeout=0.25. comms simulation=False
Get Handler timed out. timeout=0.25. comms simulation=False
Get Handler timed out. timeout=3. comms simulation=False
Get Handler timed out. timeout=0.25. comms simulation=False
Get Handler timed out. timeout=0.25. comms simulation=False
GetDeflection L2 (CDD) ===>> 0
testing L2_CDD_==3250
evaluate ot="L2(CDD).deflection==3250" t="L2_CDD_==3250", ctx="{'L2_CDD_': 0.0}"
Get Handler timed out. timeout=3. comms simulation=False
Get Handler timed out. timeout=0.25. comms simulation=False
Get Handler timed out. timeout=0.25. comms simulation=False
Get Handler timed out. timeout=3. comms simulation=False
Get Handler timed out. timeout=0.25. comms simulation=False
Get Handler timed out. timeout=0.25. comms simulation=False
14:52:27 -- collecting point 50
Get Handler timed out. timeout=3. comms simulation=False
Get Handler timed out. timeout=0.25. comms simulation=False
Get Handler timed out. timeout=0.25. comms simulation=False
GetDeflection L2 (CDD) ===>> 0
testing L2_CDD_==3250
evaluate ot="L2(CDD).deflection==3250" t="L2_CDD_==3250", ctx="{'L2_CDD_': 0.0}"
Get Handler timed out. timeout=3. comms simulation=False
Get Handler timed out. timeout=0.25. comms simulation=False
Get Handler timed out. timeout=0.25. comms simulation=False
Get Handler timed out. timeout=3. comms simulation=False
Get Handler timed out. timeout=0.25. comms simulation=False
Get Handler timed out. timeout=0.25. comms simulation=False
Get Handler timed out. timeout=3. comms simulation=False
Get Handler timed out. timeout=0.25. comms simulation=False
Get Handler timed out. timeout=0.25. comms simulation=False
GetDeflection L2 (CDD) ===>> 0
testing L2_CDD_==3250
evaluate ot="L2(CDD).deflection==3250" t="L2_CDD_==3250", ctx="{'L2_CDD_': 0.0}"
Get Handler timed out. timeout=3. comms simulation=False
Get Handler timed out. timeout=0.25. comms simulation=False
Get Handler timed out. timeout=0.25. comms simulation=False
Get Handler timed out. timeout=3. comms simulation=False
Get Handler timed out. timeout=0.25. comms simulation=False
Get Handler timed out. timeout=0.25. comms simulation=False
Get Handler timed out. timeout=3. comms simulation=False
Get Handler timed out. timeout=0.25. comms simulation=False
Get Handler timed out. timeout=0.25. comms simulation=False
GetDeflection L2 (CDD) ===>> 0
testing L2_CDD_==3250
evaluate ot="L2(CDD).deflection==3250" t="L2_CDD_==3250", ctx="{'L2_CDD_': 0.0}"
14:52:53 -- collecting point 75
Get Handler timed out. timeout=3. comms simulation=False
Get Handler timed out. timeout=0.25. comms simulation=False
Get Handler timed out. timeout=0.25. comms simulation=False
Get Handler timed out. timeout=3. comms simulation=False
Get Handler timed out. timeout=0.25. comms simulation=False
Get Handler timed out. timeout=0.25. comms simulation=False
Get Handler timed out. timeout=3. comms simulation=False
Get Handler timed out. timeout=0.25. comms simulation=False
Get Handler timed out. timeout=0.25. comms simulation=False
GetDeflection L2 (CDD) ===>> 0
testing L2_CDD_==3250
evaluate ot="L2(CDD).deflection==3250" t="L2_CDD_==3250", ctx="{'L2_CDD_': 0.0}"
Get Handler timed out. timeout=3. comms simulation=False
Get Handler timed out. timeout=0.25. comms simulation=False
Get Handler timed out. timeout=0.25. comms simulation=False
Get Handler timed out. timeout=3. comms simulation=False
Get Handler timed out. timeout=0.25. comms simulation=False
Get Handler timed out. timeout=0.25. comms simulation=False
refresh_lock_state fired. ('G', False)
refresh_canvas_needed fired
Get Handler timed out. timeout=3. comms simulation=False
Get Handler timed out. timeout=0.25. comms simulation=False
Get Handler timed out. timeout=0.25. comms simulation=False
GetDeflection L2 (CDD) ===>> 0
testing L2_CDD_==3250
evaluate ot="L2(CDD).deflection==3250" t="L2_CDD_==3250", ctx="{'L2_CDD_': 0.0}"
set states for children of G. state=False
handle state [('G', False)]
update switch state G False args=() kw={'refresh': False} ncanvase=7
refresh_canvas_needed fired
State checksums do not match. Local:-1044602757 Remote:1185609692
State checksum failed
Get Handler timed out. timeout=3. comms simulation=False
Get Handler timed out. timeout=0.25. comms simulation=False
Get Handler timed out. timeout=0.25. comms simulation=False
set states for children of T. state=True
handle state [('T', True)]
update switch state T True args=() kw={'refresh': False} ncanvase=7
refresh_canvas_needed fired
Get Handler timed out. timeout=3. comms simulation=False
Get Handler timed out. timeout=0.25. comms simulation=False
14:53:20 -- collecting point 100
Get Handler timed out. timeout=0.25. comms simulation=False
Get Handler timed out. timeout=3. comms simulation=False
Get Handler timed out. timeout=0.25. comms simulation=False
Get Handler timed out. timeout=0.25. comms simulation=False
refresh_lock_state fired. ('G', True)
refresh_lock_state fired. ('T', False)
refresh_canvas_needed fired
GetDeflection L2 (CDD) ===>> 0
testing L2_CDD_==3250
evaluate ot="L2(CDD).deflection==3250" t="L2_CDD_==3250", ctx="{'L2_CDD_': 0.0}"
Get Handler timed out. timeout=3. comms simulation=False
Get Handler timed out. timeout=0.25. comms simulation=False
Get Handler timed out. timeout=0.25. comms simulation=False
Get Handler timed out. timeout=3. comms simulation=False
Get Handler timed out. timeout=0.25. comms simulation=False
Get Handler timed out. timeout=0.25. comms simulation=False
Get Handler timed out. timeout=3. comms simulation=False
Get Handler timed out. timeout=0.25. comms simulation=False
Get Handler timed out. timeout=0.25. comms simulation=False
GetDeflection L2 (CDD) ===>> 0
testing L2_CDD_==3250
evaluate ot="L2(CDD).deflection==3250" t="L2_CDD_==3250", ctx="{'L2_CDD_': 0.0}"
Get Handler timed out. timeout=3. comms simulation=False
Get Handler timed out. timeout=0.25. comms simulation=False
Get Handler timed out. timeout=0.25. comms simulation=False
Get Handler timed out. timeout=3. comms simulation=False
Get Handler timed out. timeout=0.25. comms simulation=False
Get Handler timed out. timeout=0.25. comms simulation=False
Get Handler timed out. timeout=3. comms simulation=False
Get Handler timed out. timeout=0.25. comms simulation=False
Get Handler timed out. timeout=0.25. comms simulation=False
GetDeflection L2 (CDD) ===>> 0
testing L2_CDD_==3250
evaluate ot="L2(CDD).deflection==3250" t="L2_CDD_==3250", ctx="{'L2_CDD_': 0.0}"
14:53:46 -- collecting point 125
Get Handler timed out. timeout=3. comms simulation=False
Get Handler timed out. timeout=0.25. comms simulation=False
Get Handler timed out. timeout=0.25. comms simulation=False
Get Handler timed out. timeout=3. comms simulation=False
Get Handler timed out. timeout=0.25. comms simulation=False
Get Handler timed out. timeout=0.25. comms simulation=False
Get Handler timed out. timeout=3. comms simulation=False
Get Handler timed out. timeout=0.25. comms simulation=False
Get Handler timed out. timeout=0.25. comms simulation=False
GetDeflection L2 (CDD) ===>> 0
testing L2_CDD_==3250
evaluate ot="L2(CDD).deflection==3250" t="L2_CDD_==3250", ctx="{'L2_CDD_': 0.0}"
Get Handler timed out. timeout=3. comms simulation=False
Get Handler timed out. timeout=0.25. comms simulation=False
Get Handler timed out. timeout=0.25. comms simulation=False
Get Handler timed out. timeout=3. comms simulation=False
Get Handler timed out. timeout=0.25. comms simulation=False
Get Handler timed out. timeout=0.25. comms simulation=False
Get Handler timed out. timeout=3. comms simulation=False
Get Handler timed out. timeout=0.25. comms simulation=False
Get Handler timed out. timeout=0.25. comms simulation=False
GetDeflection L2 (CDD) ===>> 0
testing L2_CDD_==3250
evaluate ot="L2(CDD).deflection==3250" t="L2_CDD_==3250", ctx="{'L2_CDD_': 0.0}"
Get Handler timed out. timeout=3. comms simulation=False
Get Handler timed out. timeout=0.25. comms simulation=False
Get Handler timed out. timeout=0.25. comms simulation=False
14:54:12 -- collecting point 150
Get Handler timed out. timeout=3. comms simulation=False
Get Handler timed out. timeout=0.25. comms simulation=False
Get Handler timed out. timeout=0.25. comms simulation=False
Get Handler timed out. timeout=3. comms simulation=False
Get Handler timed out. timeout=0.25. comms simulation=False
Get Handler timed out. timeout=0.25. comms simulation=False
GetDeflection L2 (CDD) ===>> 0
testing L2_CDD_==3250
evaluate ot="L2(CDD).deflection==3250" t="L2_CDD_==3250", ctx="{'L2_CDD_': 0.0}"
Get Handler timed out. timeout=3. comms simulation=False
Get Handler timed out. timeout=0.25. comms simulation=False
Get Handler timed out. timeout=0.25. comms simulation=False
Get Handler timed out. timeout=3. comms simulation=False
Get Handler timed out. timeout=0.25. comms simulation=False
Get Handler timed out. timeout=0.25. comms simulation=False
Get Handler timed out. timeout=3. comms simulation=False
Get Handler timed out. timeout=0.25. comms simulation=False
GetDeflection L2 (CDD) ===>> 0
testing L2_CDD_==3250
evaluate ot="L2(CDD).deflection==3250" t="L2_CDD_==3250", ctx="{'L2_CDD_': 0.0}"
Get Handler timed out. timeout=0.25. comms simulation=False
Get Handler timed out. timeout=3. comms simulation=False
Get Handler timed out. timeout=0.25. comms simulation=False
Get Handler timed out. timeout=0.25. comms simulation=False
65779-01M   Frederick-1   NM-291 B:8 set to terminate after 0 counts
14:54:33 -- user termination. measurement iteration executed 169/400 counts
state changed from measurement to truncated
waiting for write to finish
measurement finished
estimated time: 419.430 actual time: :177.649
flush and close file /Users/obama/PychronDev/data/isotopes/7f/9add1d-f677-40eb-8653-9cb6c03f6536.h5
baselines () {'settling_time': 15.0, 'detector': 'H2', 'mass': 39.862, 'ncounts': 120}
%%%%%%%%%%%%%%%%%%%%%%%%%%%%%%%% Baseline
build tables- baseline [Detector(H2), Detector(H1), Detector(AX), Detector(L1), Detector(L2(CDD))]
add group baseline table H2
add group baseline table H1
add group baseline table AX
add group baseline table L1
add group baseline table L2(CDD)
flush and close file /Users/obama/PychronDev/data/isotopes/7f/9add1d-f677-40eb-8653-9cb6c03f6536.h5
detector Detector(H2)
POSITION 39.862 H2
Mapping mass to dac mass func: "parabolic"
H2 map mass coeffs = [ -2.56720193e-04   9.47812314e-02   3.87994975e-01]
H2 map mass to dac 39.862 >> 3.75824141492
GetHighVoltage ===>> 9900
positioning 39.862 (3.75824141492) on H2
setting magnet DAC
current  : 3.765700
requested: 3.758241
Delta Dac: 0.007459
Checking detector protection. dv=0.00746
SetMagnetDAC 3.75824141492 ===>> OK
Magnet settling time: 0.500 0.500
Magnet settling complete
set_dac. change=True
Delaying 15.0s for detectors to settle
Get Handler timed out. timeout=3. comms simulation=False
Get Handler timed out. timeout=0.25. comms simulation=False
Get Handler timed out. timeout=0.25. comms simulation=False
Get Handler timed out. timeout=3. comms simulation=False
Get Handler timed out. timeout=0.25. comms simulation=False
Get Handler timed out. timeout=0.25. comms simulation=False
Get Handler timed out. timeout=3. comms simulation=False
Get Handler timed out. timeout=0.25. comms simulation=False
Get Handler timed out. timeout=0.25. comms simulation=False
Get Handler timed out. timeout=3. comms simulation=False
Get Handler timed out. timeout=0.25. comms simulation=False
Get Handler timed out. timeout=0.25. comms simulation=False
Join finished
measuring baseline. ncounts=120
"baseline" increment series count="2" fit count="1" regressing="True"
Get Handler timed out. timeout=3. comms simulation=False
Get Handler timed out. timeout=0.25. comms simulation=False
starting measurement
Get Handler timed out. timeout=0.25. comms simulation=False
Get Handler timed out. timeout=3. comms simulation=False
Get Handler timed out. timeout=0.25. comms simulation=False
Get Handler timed out. timeout=0.25. comms simulation=False
Get Handler timed out. timeout=3. comms simulation=False
Get Handler timed out. timeout=0.25. comms simulation=False
Get Handler timed out. timeout=0.25. comms simulation=False
Get Handler timed out. timeout=3. comms simulation=False
Get Handler timed out. timeout=0.25. comms simulation=False
Get Handler timed out. timeout=0.25. comms simulation=False
Get Handler timed out. timeout=3. comms simulation=False
Get Handler timed out. timeout=0.25. comms simulation=False
Get Handler timed out. timeout=0.25. comms simulation=False
GetDeflection L2 (CDD) ===>> 0
testing L2_CDD_==3250
evaluate ot="L2(CDD).deflection==3250" t="L2_CDD_==3250", ctx="{'L2_CDD_': 0.0}"
Get Handler timed out. timeout=3. comms simulation=False
Get Handler timed out. timeout=0.25. comms simulation=False
Get Handler timed out. timeout=0.25. comms simulation=False
Get Handler timed out. timeout=3. comms simulation=False
Get Handler timed out. timeout=0.25. comms simulation=False
Get Handler timed out. timeout=0.25. comms simulation=False
Get Handler timed out. timeout=3. comms simulation=False
Get Handler timed out. timeout=0.25. comms simulation=False
GetDeflection L2 (CDD) ===>> 0
testing L2_CDD_==3250
evaluate ot="L2(CDD).deflection==3250" t="L2_CDD_==3250", ctx="{'L2_CDD_': 0.0}"
14:55:15 -- collecting point 25
Get Handler timed out. timeout=0.25. comms simulation=False
Get Handler timed out. timeout=3. comms simulation=False
Get Handler timed out. timeout=0.25. comms simulation=False
Get Handler timed out. timeout=0.25. comms simulation=False
Get Handler timed out. timeout=3. comms simulation=False
Get Handler timed out. timeout=0.25. comms simulation=False
Get Handler timed out. timeout=0.25. comms simulation=False
Get Handler timed out. timeout=3. comms simulation=False
GetDeflection L2 (CDD) ===>> 0
testing L2_CDD_==3250
evaluate ot="L2(CDD).deflection==3250" t="L2_CDD_==3250", ctx="{'L2_CDD_': 0.0}"
Get Handler timed out. timeout=0.25. comms simulation=False
Get Handler timed out. timeout=0.25. comms simulation=False
Get Handler timed out. timeout=3. comms simulation=False
Get Handler timed out. timeout=0.25. comms simulation=False
Get Handler timed out. timeout=0.25. comms simulation=False
Get Handler timed out. timeout=3. comms simulation=False
Get Handler timed out. timeout=0.25. comms simulation=False
Get Handler timed out. timeout=0.25. comms simulation=False
GetDeflection L2 (CDD) ===>> 0
testing L2_CDD_==3250
evaluate ot="L2(CDD).deflection==3250" t="L2_CDD_==3250", ctx="{'L2_CDD_': 0.0}"
Get Handler timed out. timeout=3. comms simulation=False
Get Handler timed out. timeout=0.25. comms simulation=False
Get Handler timed out. timeout=0.25. comms simulation=False
Get Handler timed out. timeout=3. comms simulation=False
set states for children of R. state=True
handle state [('R', True)]
update switch state R True args=() kw={'refresh': False} ncanvase=7
Get Handler timed out. timeout=0.25. comms simulation=False
refresh_canvas_needed fired
Get Handler timed out. timeout=0.25. comms simulation=False
14:55:41 -- collecting point 50
Get Handler timed out. timeout=3. comms simulation=False
Get Handler timed out. timeout=0.25. comms simulation=False
Get Handler timed out. timeout=0.25. comms simulation=False
GetDeflection L2 (CDD) ===>> 0
testing L2_CDD_==3250
evaluate ot="L2(CDD).deflection==3250" t="L2_CDD_==3250", ctx="{'L2_CDD_': 0.0}"
Get Handler timed out. timeout=3. comms simulation=False
Get Handler timed out. timeout=0.25. comms simulation=False
Get Handler timed out. timeout=0.25. comms simulation=False
set states for children of U. state=False
handle state [('U', False)]
update switch state U False args=() kw={'refresh': False} ncanvase=7
refresh_canvas_needed fired
Get Handler timed out. timeout=3. comms simulation=False
Get Handler timed out. timeout=0.25. comms simulation=False
Get Handler timed out. timeout=0.25. comms simulation=False
Get Handler timed out. timeout=3. comms simulation=False
Get Handler timed out. timeout=0.25. comms simulation=False
Get Handler timed out. timeout=0.25. comms simulation=False
set states for children of O. state=False
handle state [('O', False)]
update switch state O False args=() kw={'refresh': False} ncanvase=7
refresh_canvas_needed fired
GetDeflection L2 (CDD) ===>> 0
testing L2_CDD_==3250
evaluate ot="L2(CDD).deflection==3250" t="L2_CDD_==3250", ctx="{'L2_CDD_': 0.0}"
Get Handler timed out. timeout=3. comms simulation=False
Get Handler timed out. timeout=0.25. comms simulation=False
Get Handler timed out. timeout=0.25. comms simulation=False
Get Handler timed out. timeout=3. comms simulation=False
Get Handler timed out. timeout=0.25. comms simulation=False
Get Handler timed out. timeout=0.25. comms simulation=False
Get Handler timed out. timeout=3. comms simulation=False
Get Handler timed out. timeout=0.25. comms simulation=False
Get Handler timed out. timeout=0.25. comms simulation=False
GetDeflection L2 (CDD) ===>> 0
testing L2_CDD_==3250
evaluate ot="L2(CDD).deflection==3250" t="L2_CDD_==3250", ctx="{'L2_CDD_': 0.0}"
14:56:07 -- collecting point 75
Get Handler timed out. timeout=3. comms simulation=False
Get Handler timed out. timeout=0.25. comms simulation=False
Get Handler timed out. timeout=0.25. comms simulation=False
Get Handler timed out. timeout=3. comms simulation=False
Get Handler timed out. timeout=0.25. comms simulation=False
Get Handler timed out. timeout=0.25. comms simulation=False
Get Handler timed out. timeout=3. comms simulation=False
Get Handler timed out. timeout=0.25. comms simulation=False
Get Handler timed out. timeout=0.25. comms simulation=False
set states for children of R. state=False
handle state [('R', False)]
update switch state R False args=() kw={'refresh': False} ncanvase=7
refresh_canvas_needed fired
GetDeflection L2 (CDD) ===>> 0
testing L2_CDD_==3250
evaluate ot="L2(CDD).deflection==3250" t="L2_CDD_==3250", ctx="{'L2_CDD_': 0.0}"
Get Handler timed out. timeout=3. comms simulation=False
set states for children of O. state=True
set states for children of U. state=True
handle state [('O', True), ('U', True)]
update switch state O True args=() kw={'refresh': True} ncanvase=7
update switch state U True args=() kw={'refresh': False} ncanvase=7
Get Handler timed out. timeout=0.25. comms simulation=False
refresh_canvas_needed fired
Get Handler timed out. timeout=0.25. comms simulation=False
Get Handler timed out. timeout=3. comms simulation=False
Get Handler timed out. timeout=0.25. comms simulation=False
Get Handler timed out. timeout=0.25. comms simulation=False
Get Handler timed out. timeout=3. comms simulation=False
Get Handler timed out. timeout=0.25. comms simulation=False
Get Handler timed out. timeout=0.25. comms simulation=False
GetDeflection L2 (CDD) ===>> 0
testing L2_CDD_==3250
evaluate ot="L2(CDD).deflection==3250" t="L2_CDD_==3250", ctx="{'L2_CDD_': 0.0}"
Get Handler timed out. timeout=3. comms simulation=False
Get Handler timed out. timeout=0.25. comms simulation=False
Get Handler timed out. timeout=0.25. comms simulation=False
Get Handler timed out. timeout=3. comms simulation=False
14:56:34 -- collecting point 100
Get Handler timed out. timeout=0.25. comms simulation=False
Get Handler timed out. timeout=0.25. comms simulation=False
Get Handler timed out. timeout=3. comms simulation=False
Get Handler timed out. timeout=0.25. comms simulation=False
Get Handler timed out. timeout=0.25. comms simulation=False
GetDeflection L2 (CDD) ===>> 0
testing L2_CDD_==3250
evaluate ot="L2(CDD).deflection==3250" t="L2_CDD_==3250", ctx="{'L2_CDD_': 0.0}"
Get Handler timed out. timeout=3. comms simulation=False
Get Handler timed out. timeout=0.25. comms simulation=False
Get Handler timed out. timeout=0.25. comms simulation=False
set states for children of U. state=False
handle state [('U', False)]
update switch state U False args=() kw={'refresh': False} ncanvase=7
refresh_canvas_needed fired
Get Handler timed out. timeout=3. comms simulation=False
Get Handler timed out. timeout=0.25. comms simulation=False
Get Handler timed out. timeout=0.25. comms simulation=False
Get Handler timed out. timeout=3. comms simulation=False
Get Handler timed out. timeout=0.25. comms simulation=False
Get Handler timed out. timeout=0.25. comms simulation=False
GetDeflection L2 (CDD) ===>> 0
testing L2_CDD_==3250
evaluate ot="L2(CDD).deflection==3250" t="L2_CDD_==3250", ctx="{'L2_CDD_': 0.0}"
Get Handler timed out. timeout=3. comms simulation=False
Get Handler timed out. timeout=0.25. comms simulation=False
Get Handler timed out. timeout=0.25. comms simulation=False
Get Handler timed out. timeout=3. comms simulation=False
Get Handler timed out. timeout=0.25. comms simulation=False
waiting for write to finish
measurement finished
estimated time: 125.829 actual time: :126.203
flush and close file /Users/obama/PychronDev/data/isotopes/7f/9add1d-f677-40eb-8653-9cb6c03f6536.h5
activate_detectors ('H1', 'L2(CDD)') {'peak_center': True}
peak_center () {'detector': 'H2', 'save': False, 'integration_time': 1.048576, 'isotope': 'Ar40'}
peak center: mean=776.409942368 threshold=1.0
peak center started
setup peak center. detector=['H2', 'H1', 'L2(CDD)'], isotope=Ar40
VersionedUnpickler [<apptools.sweet_pickle.versioned_unpickler.VersionedUnpickler object at 0x1406bcad0>] using Updater [<apptools.sweet_pickle.updater.Updater object at 0x120e592f0>]
VersionedUnpickler [<apptools.sweet_pickle.versioned_unpickler.VersionedUnpickler object at 0x1406bcad0>] using Updater [<apptools.sweet_pickle.updater.Updater object at 0x120e592f0>]
VersionedUnpickler [<apptools.sweet_pickle.versioned_unpickler.VersionedUnpickler object at 0x145ade2f0>] using Updater [<apptools.sweet_pickle.updater.Updater object at 0x120e592f0>]
setting integration time = 0.524288
SetIntegrationTime 0.524288 ===>> OK
Mapping mass to dac mass func: "parabolic"
H2 map mass coeffs = [ -2.56720193e-04   9.47812314e-02   3.87994975e-01]
H2 map mass to dac 39.9624 >> 3.7657
Get Handler timed out. timeout=0.25. comms simulation=False
GetHighVoltage ===>> 9900
do peak center. <pychron.spectrometer.jobs.peak_center.PeakCenter object at 0x13dd3bf50>
doing pc
starting peak center. center dac= 3.7657 step_width=0.0001
width = 0.0001
get scan parameters. half-width=0.002,window=0.002, i=0, scalar=1
Scan parameters center=3.76570 width=0.00400 (3.76370 - 3.76770)
Moving to starting dac 3.7637
setting magnet DAC
current  : 3.758241
requested: 3.763700
Delta Dac: 0.005459
Checking detector protection. dv=0.00546
SetMagnetDAC 3.7637 ===>> OK
Magnet settling time: 0.500 0.500
Magnet settling complete
set_dac. change=True
Wait until signal near baseline. tol= -0.184447957308. timeout= 10
Get Handler timed out. timeout=3. comms simulation=False
Get Handler timed out. timeout=0.25. comms simulation=False
Get Handler timed out. timeout=0.25. comms simulation=False
Get Handler timed out. timeout=3. comms simulation=False
Get Handler timed out. timeout=0.25. comms simulation=False
Get Handler timed out. timeout=0.25. comms simulation=False
Get Handler timed out. timeout=3. comms simulation=False
Get Handler timed out. timeout=0.25. comms simulation=False
Peak center failed to move to a baseline position
_do_sweep sm= 3.7637, em= 3.7677, stm= 0.0001
calculated step values: start=3.7637, end=3.7677, width=0.0001, nsteps=41.0
setting magnet DAC
current  : 3.763700
requested: 3.763700
Delta Dac: 0.000000
Checking detector protection. dv=0.00000
Get Handler timed out. timeout=0.25. comms simulation=False
set_dac. change=False
setting magnet DAC
current  : 3.763700
requested: 3.763803
Delta Dac: 0.000103
Checking detector protection. dv=0.00010
Magnet settling time: 1.049 0.500
Magnet settling complete
set_dac. change=True
setting magnet DAC
current  : 3.763803
requested: 3.763905
Delta Dac: 0.000103
Checking detector protection. dv=0.00010
Magnet settling time: 1.049 0.500
Magnet settling complete
set_dac. change=True
setting magnet DAC
current  : 3.763905
requested: 3.764008
Delta Dac: 0.000103
Checking detector protection. dv=0.00010
Magnet settling time: 1.049 0.500
Get Handler timed out. timeout=3. comms simulation=False
Get Handler timed out. timeout=0.25. comms simulation=False
Magnet settling complete
set_dac. change=True
setting magnet DAC
current  : 3.764008
requested: 3.764110
Delta Dac: 0.000103
Checking detector protection. dv=0.00010
Magnet settling time: 1.049 0.500
Get Handler timed out. timeout=0.25. comms simulation=False
Magnet settling complete
set_dac. change=True
setting magnet DAC
current  : 3.764110
requested: 3.764213
Delta Dac: 0.000103
Checking detector protection. dv=0.00010
Magnet settling time: 1.049 0.500
Magnet settling complete
set_dac. change=True
setting magnet DAC
current  : 3.764213
requested: 3.764315
Delta Dac: 0.000103
Checking detector protection. dv=0.00010
Magnet settling time: 1.049 0.500
Magnet settling complete
set_dac. change=True
setting magnet DAC
current  : 3.764315
requested: 3.764418
Delta Dac: 0.000103
Checking detector protection. dv=0.00010
Get Handler timed out. timeout=3. comms simulation=False
Magnet settling time: 1.049 0.500
Get Handler timed out. timeout=0.25. comms simulation=False
Get Handler timed out. timeout=0.25. comms simulation=False
Magnet settling complete
set_dac. change=True
setting magnet DAC
current  : 3.764418
requested: 3.764521
Delta Dac: 0.000103
Checking detector protection. dv=0.00010
Magnet settling time: 1.049 0.500
Magnet settling complete
set_dac. change=True
setting magnet DAC
current  : 3.764521
requested: 3.764623
Delta Dac: 0.000103
Checking detector protection. dv=0.00010
Magnet settling time: 1.049 0.500
Magnet settling complete
set_dac. change=True
setting magnet DAC
current  : 3.764623
requested: 3.764726
Delta Dac: 0.000103
Checking detector protection. dv=0.00010
Magnet settling time: 1.049 0.500
Get Handler timed out. timeout=3. comms simulation=False
Get Handler timed out. timeout=0.25. comms simulation=False
Get Handler timed out. timeout=0.25. comms simulation=False
Magnet settling complete
set_dac. change=True
setting magnet DAC
current  : 3.764726
requested: 3.764828
Delta Dac: 0.000103
Checking detector protection. dv=0.00010
Magnet settling time: 1.049 0.500
Magnet settling complete
set_dac. change=True
setting magnet DAC
current  : 3.764828
requested: 3.764931
Delta Dac: 0.000103
Checking detector protection. dv=0.00010
Magnet settling time: 1.049 0.500
Magnet settling complete
set_dac. change=True
setting magnet DAC
current  : 3.764931
requested: 3.765033
Delta Dac: 0.000103
Checking detector protection. dv=0.00010
Magnet settling time: 1.049 0.500
Get Handler timed out. timeout=3. comms simulation=False
Get Handler timed out. timeout=0.25. comms simulation=False
Get Handler timed out. timeout=0.25. comms simulation=False
Magnet settling complete
set_dac. change=True
setting magnet DAC
current  : 3.765033
requested: 3.765136
Delta Dac: 0.000103
Checking detector protection. dv=0.00010
Magnet settling time: 1.049 0.500
Magnet settling complete
set_dac. change=True
setting magnet DAC
current  : 3.765136
requested: 3.765238
Delta Dac: 0.000103
Checking detector protection. dv=0.00010
Magnet settling time: 1.049 0.500
Magnet settling complete
set_dac. change=True
setting magnet DAC
current  : 3.765238
requested: 3.765341
Delta Dac: 0.000103
Checking detector protection. dv=0.00010
Magnet settling time: 1.049 0.500
Get Handler timed out. timeout=3. comms simulation=False
Get Handler timed out. timeout=0.25. comms simulation=False
Magnet settling complete
set_dac. change=True
setting magnet DAC
current  : 3.765341
requested: 3.765444
Delta Dac: 0.000103
Checking detector protection. dv=0.00010
Magnet settling time: 1.049 0.500
Get Handler timed out. timeout=0.25. comms simulation=False
Magnet settling complete
set_dac. change=True
setting magnet DAC
current  : 3.765444
requested: 3.765546
Delta Dac: 0.000103
Checking detector protection. dv=0.00010
Magnet settling time: 1.049 0.500
Magnet settling complete
set_dac. change=True
setting magnet DAC
current  : 3.765546
requested: 3.765649
Delta Dac: 0.000103
Checking detector protection. dv=0.00010
Magnet settling time: 1.049 0.500
Get Handler timed out. timeout=3. comms simulation=False
Magnet settling complete
set_dac. change=True
setting magnet DAC
current  : 3.765649
requested: 3.765751
Delta Dac: 0.000103
Checking detector protection. dv=0.00010
Magnet settling time: 1.049 0.500
Get Handler timed out. timeout=0.25. comms simulation=False
Get Handler timed out. timeout=0.25. comms simulation=False
Magnet settling complete
set_dac. change=True
setting magnet DAC
current  : 3.765751
requested: 3.765854
Delta Dac: 0.000103
Checking detector protection. dv=0.00010
Magnet settling time: 1.049 0.500
Magnet settling complete
set_dac. change=True
setting magnet DAC
current  : 3.765854
requested: 3.765956
Delta Dac: 0.000103
Checking detector protection. dv=0.00010
Magnet settling time: 1.049 0.500
Magnet settling complete
set_dac. change=True
setting magnet DAC
current  : 3.765956
requested: 3.766059
Delta Dac: 0.000103
Checking detector protection. dv=0.00010
Magnet settling time: 1.049 0.500
Get Handler timed out. timeout=3. comms simulation=False
Get Handler timed out. timeout=0.25. comms simulation=False
Get Handler timed out. timeout=0.25. comms simulation=False
Magnet settling complete
set_dac. change=True
setting magnet DAC
current  : 3.766059
requested: 3.766162
Delta Dac: 0.000103
Checking detector protection. dv=0.00010
Magnet settling time: 1.049 0.500
Magnet settling complete
set_dac. change=True
setting magnet DAC
current  : 3.766162
requested: 3.766264
Delta Dac: 0.000103
Checking detector protection. dv=0.00010
Magnet settling time: 1.049 0.500
Magnet settling complete
set_dac. change=True
setting magnet DAC
current  : 3.766264
requested: 3.766367
Delta Dac: 0.000103
Checking detector protection. dv=0.00010
Magnet settling time: 1.049 0.500
Get Handler timed out. timeout=3. comms simulation=False
Get Handler timed out. timeout=0.25. comms simulation=False
Get Handler timed out. timeout=0.25. comms simulation=False
Magnet settling complete
set_dac. change=True
setting magnet DAC
current  : 3.766367
requested: 3.766469
Delta Dac: 0.000103
Checking detector protection. dv=0.00010
Magnet settling time: 1.049 0.500
Magnet settling complete
set_dac. change=True
setting magnet DAC
current  : 3.766469
requested: 3.766572
Delta Dac: 0.000103
Checking detector protection. dv=0.00010
Magnet settling time: 1.049 0.500
Magnet settling complete
set_dac. change=True
setting magnet DAC
current  : 3.766572
requested: 3.766674
Delta Dac: 0.000103
Checking detector protection. dv=0.00010
Magnet settling time: 1.049 0.500
set states for children of O. state=False
handle state [('O', False)]
update switch state O False args=() kw={'refresh': False} ncanvase=7
refresh_canvas_needed fired
Get Handler timed out. timeout=3. comms simulation=False
Magnet settling complete
Get Handler timed out. timeout=0.25. comms simulation=False
set_dac. change=True
setting magnet DAC
current  : 3.766674
requested: 3.766777
Delta Dac: 0.000103
Checking detector protection. dv=0.00010
Magnet settling time: 1.049 0.500
Get Handler timed out. timeout=0.25. comms simulation=False
Magnet settling complete
set_dac. change=True
setting magnet DAC
current  : 3.766777
requested: 3.766879
Delta Dac: 0.000103
Checking detector protection. dv=0.00010
Magnet settling time: 1.049 0.500
Magnet settling complete
set_dac. change=True
setting magnet DAC
current  : 3.766879
requested: 3.766982
Delta Dac: 0.000103
Checking detector protection. dv=0.00010
Magnet settling time: 1.049 0.500
set states for children of R. state=True
handle state [('R', True)]
update switch state R True args=() kw={'refresh': False} ncanvase=7
refresh_canvas_needed fired
Get Handler timed out. timeout=3. comms simulation=False
Magnet settling complete
set_dac. change=True
setting magnet DAC
current  : 3.766982
requested: 3.767085
Delta Dac: 0.000103
Checking detector protection. dv=0.00010
Magnet settling time: 1.049 0.500
Get Handler timed out. timeout=0.25. comms simulation=False
Get Handler timed out. timeout=0.25. comms simulation=False
Magnet settling complete
set_dac. change=True
setting magnet DAC
current  : 3.767085
requested: 3.767187
Delta Dac: 0.000103
Checking detector protection. dv=0.00010
Magnet settling time: 1.049 0.500
Magnet settling complete
set_dac. change=True
setting magnet DAC
current  : 3.767187
requested: 3.767290
Delta Dac: 0.000103
Checking detector protection. dv=0.00010
Magnet settling time: 1.049 0.500
Magnet settling complete
set_dac. change=True
setting magnet DAC
current  : 3.767290
requested: 3.767392
Delta Dac: 0.000103
Checking detector protection. dv=0.00010
Magnet settling time: 1.049 0.500
Get Handler timed out. timeout=3. comms simulation=False
Get Handler timed out. timeout=0.25. comms simulation=False
Get Handler timed out. timeout=0.25. comms simulation=False
Magnet settling complete
set_dac. change=True
setting magnet DAC
current  : 3.767392
requested: 3.767495
Delta Dac: 0.000103
Checking detector protection. dv=0.00010
Magnet settling time: 1.049 0.500
Magnet settling complete
set_dac. change=True
setting magnet DAC
current  : 3.767495
requested: 3.767597
Delta Dac: 0.000103
Checking detector protection. dv=0.00010
Magnet settling time: 1.049 0.500
Magnet settling complete
set_dac. change=True
setting magnet DAC
current  : 3.767597
requested: 3.767700
Delta Dac: 0.000103
Checking detector protection. dv=0.00010
Magnet settling time: 1.049 0.500
Get Handler timed out. timeout=3. comms simulation=False
Get Handler timed out. timeout=0.25. comms simulation=False
Get Handler timed out. timeout=0.25. comms simulation=False
Magnet settling complete
set_dac. change=True
result of _do_sweep=True
result of _calculate_peak_center=([3.7645456913827662, 3.7657200400801605, 3.7668943887775548], [562.91708275191831, 761.84832312812898, 565.23072405667392], 3.765752104208417, 761.84832312812898)
Failed to find a valid peak. No peak greater than 1.0. max = 0.190296500609
new center pos Detector(H2) (Ar40) @ 3.76572004008
GetHighVoltage ===>> 9900
dac uncorrected for HV and deflection 3.76572004008
setting integration time = 1.048576
SetIntegrationTime 1.048576 ===>> OK
Failed to find a valid peak. No peak greater than 1.0. max = 0.190296500609
flush and close file /Users/obama/PychronDev/data/isotopes/7f/9add1d-f677-40eb-8653-9cb6c03f6536.h5
finished measure script
executed snippet estimated_duration=585.2304, duration=406.279194117
felix_analysis400_120_no_save_center.py completed successfully
Measurement Finished
14:57:50 -- ******* Measurement Finished *******
Post Measurement Started felix_pump_ms.py
14:57:50 -- ******* Post Measurement Started felix_pump_ms.py *******
testing...
no interpolation path defined
executed snippet estimated_duration=0, duration=3.09944152832e-05
Pumping spectrometer
open () {'name': 'V'}
open name=V desc=---
checking ownership. requestor=129.138.12.137
check software interlocks V
interlocks []
actuate state mode=None-script, software_lock=False
doing actuation None-script open_channel True
Open V ===>> OK
sweep finished
GetIndicatorState V ===>> OK
change switch state (True, True)
update switch state V True args=() kw={} ncanvase=7
14:57:50 -- OPEN   VALVE-V (Felix Ion Pump)
-------------------------- open V () result=[(True, True)]
action=open, ok=True, locked=[False]
executed snippet estimated_duration=0, duration=0.382300853729
felix_pump_ms.py completed successfully
setting _ms_pumptime
Post Measurement Finished
14:57:50 -- ******* Post Measurement Finished *******
$$$$$$$$$$$$$$$$$$$$ state at run end truncated
post measurement save measured=True aborted=False
Set filtering
setting fod for Ar40= {'filter_outliers': True, 'std_devs': 2, 'iterations': 2}
setting fod for H2= {'filter_outliers': True, 'std_devs': 2, 'iterations': 1}
setting fod for Ar36= {'filter_outliers': True, 'std_devs': 2, 'iterations': 2}
setting fod for L2(CDD)= {'filter_outliers': True, 'std_devs': 2, 'iterations': 1}
setting fod for Ar37= {'filter_outliers': True, 'std_devs': 2, 'iterations': 2}
setting fod for L1= {'filter_outliers': True, 'std_devs': 2, 'iterations': 1}
setting fod for Ar38= {'filter_outliers': True, 'std_devs': 2, 'iterations': 2}
setting fod for AX= {'filter_outliers': True, 'std_devs': 2, 'iterations': 1}
setting fod for Ar39= {'filter_outliers': True, 'std_devs': 2, 'iterations': 2}
setting fod for H1= {'filter_outliers': True, 'std_devs': 2, 'iterations': 1}
not connected to db mysql://felixexp@129.138.12.160/labspy
Get Handler timed out. timeout=3. comms simulation=False
Enviromentals: {'lab_humiditys': [{'device': 'EnvironmentalMonitor',
                    'name': 'Lab Hum.',
                    'pub_date': '2017-08-08T14:48:42',
                    'title': 'iServer Hum.',
                    'value': 50.8}],
 'lab_pneumatics': [{'device': 'AirPressure',
                     'name': 'Pressure',
                     'pub_date': '2017-08-08T14:56:06',
                     'title': None,
                     'value': 86.55},
                    {'device': 'AirPressure2',
                     'name': 'Pressure2',
                     'pub_date': '2017-08-08T14:56:12',
                     'title': None,
                     'value': 88.18264}],
 'lab_temperatures': [{'device': 'Coldfinger',
                       'name': 'ColdFinger Temp.',
                       'pub_date': '2017-08-08T11:50:04',
                       'title': None,
                       'value': -195.0},
                      {'device': 'EnvironmentalMonitor',
                       'name': 'Lab Temp.',
                       'pub_date': '2017-08-08T14:24:29',
                       'title': 'iServer Temp.',
                       'value': 76.1},
                      {'device': 'Chiller',
                       'name': 'Coolant Temp.',
                       'pub_date': '2017-08-08T14:32:12',
                       'title': None,
                       'value': 18.0}]}
persistence save...
persistence save - db
post measurement save
5666983760 connecting to database sqlite://@/
connected to db sqlite://@/
create new session 5666983760
close session 5666983760
No database instance. Not saving post measurement to isotopedb database
$$$$$$$$$$$$$$$ auto_save_detector_ic=False
massspec enabled True
create new session 5041524560
MassSpec Database Version: 16.0
close session 5041524560
saving post measurement to secondary database
saving to massspec database 129.138.12.160/massspecdata
setting labnumber to 65779
setting aliquot to 1
setting step to M
setting uuid to 7f9add1d-f677-40eb-8653-9cb6c03f6536
setting irradpos to 65779
setting extract_device to Fusions Diode
setting tray to 
setting position to 1
setting power_requested to 15.0
setting extract_value to 15.0
setting duration to 40.0
setting duration_at_request to 40.0
setting first_stage_delay to 40.0
setting cleanup to 60.0
setting comment to B:8 Whole rock, 6.23 mg
setting irradiation to NM-291
setting level to B
setting irradiation_level to B
setting sample to Frederick-1
setting material to Groundmass
setting project to IR992
setting mass_spectrometer to Felix
no attribute chron_dosages
no attribute production_ratios
no attribute interference_corrections
no attribute production_name
no attribute j
Reference Isotope=Ar40
Reference Detector=H2
%%%%%%%%%%%%%%%%%%%% Comment: B:8 Whole rock, 6.23 mg %%%%%%%%%%%%%%%%%%%
adding isotope Ar40 H2
add baseline dbdet= Ar40. original det= H2
get baseline data Ar40 H2
Get data baseline <pychron.processing.isotope.Baseline object at 0x13ee0cf10> len t=120
baseline Ar40. v=-0.051286515829, e=0.00884057720451
get signal data Ar40 H2
Get data signal Ar40 792.58+/-0.13 len t=169
adding isotope Ar39 H1
Get Handler timed out. timeout=0.25. comms simulation=False
add baseline dbdet= Ar39. original det= H1
get baseline data Ar39 H1
Get data baseline <pychron.processing.isotope.Baseline object at 0x13ee0c7d0> len t=120
baseline Ar39. v=-0.0748982757437, e=0.0126184151856
get signal data Ar39 H1
Get data signal Ar39 9.88+/-0.05 len t=169
adding isotope Ar38 AX
add baseline dbdet= Ar38. original det= AX
get baseline data Ar38 AX
Get data baseline <pychron.processing.isotope.Baseline object at 0x13ee0c150> len t=120
baseline Ar38. v=-0.12821997883, e=0.00976917443441
get signal data Ar38 AX
Get data signal Ar38 0.175+/-0.019 len t=169
adding isotope Ar37 L1
add baseline dbdet= Ar37. original det= L1
get baseline data Ar37 L1
Get data baseline <pychron.processing.isotope.Baseline object at 0x13f53a9d0> len t=120
set states for children of O. state=True
baseline Ar37. v=-0.240095789398, e=0.010408046228
set states for children of R. state=False
handle state [('O', True), ('R', False)]
update switch state O True args=() kw={'refresh': True} ncanvase=7
get signal data Ar37 L1
Get Handler timed out. timeout=0.25. comms simulation=False
Get data signal Ar37 1.216+/-0.022 len t=169
update switch state R False args=() kw={'refresh': False} ncanvase=7
adding isotope Ar36 L2(CDD)
refresh_canvas_needed fired
add baseline dbdet= Ar36. original det= L2(CDD)
get baseline data Ar36 L2(CDD)
Get data baseline <pychron.processing.isotope.Baseline object at 0x13f53ab10> len t=120
baseline Ar36. v=0.0, e=0.0
get signal data Ar36 L2(CDD)
Get data signal Ar36 0.1719+/-0.0016 len t=169
65779-01M added analysis time 0.815356969833s
analysis added to mass spec database
mass spec save time= 0.831
persistence save - dvc
================= post measurement started
create new session 4721016272
close session 4721016272
---------------- Experiment Queue saving disabled
DVC saving peakcenter
Failed to find a valid peak. No peak greater than 1.0. max = 0.190296500609
Smart pull ahead: 0 behind: 0
Up-to-date with origin
add to repo msg=modified - 44c6f8761147de90179e8a3952e48831c78a9a46.json
add to repo msg=modified - 79-01M.json
add to repo msg=modified - 79-01M.dat.json
add to repo msg=modified - 79-01M.blan.json
add to repo msg=modified - 79-01M.inte.json
add to repo msg=modified - 79-01M.icfa.json
add to repo msg=modified - 79-01M.base.json
not at valid file /Users/obama/PychronDev/data/.dvc/repositories/IR992/657/tags/79-01M.tags.json
add to repo msg=modified - 79-01M.peak.json
add to repo msg=modified - 79-01M.extr.json
not at valid file /Users/obama/PychronDev/data/.dvc/repositories/IR992/657/monitor/79-01M.moni.json
commit message=<COLLECTION>
Get Handler timed out. timeout=3. comms simulation=False
add to repo msg=modified - 79-01M.inte.json
Get Handler timed out. timeout=0.25. comms simulation=False
add to repo msg=modified - 79-01M.base.json
commit message=<ISOEVO> default collection fits
Get Handler timed out. timeout=0.25. comms simulation=False
add to repo msg=modified - 79-01M.blan.json
commit message=<BLANKS> preceding bu-FD-F-661
add to repo msg=modified - 79-01M.icfa.json
commit message=<ICFactor> default
push repository <pychron.git_archive.repo_manager.GitRepoManager object at 0x1407c5b90>
pushing to remote=origin, url=https://github.com
Get Handler timed out. timeout=3. comms simulation=False
Get Handler timed out. timeout=0.25. comms simulation=False
Get Handler timed out. timeout=0.25. comms simulation=False
no changes to meta repo
Get Handler timed out. timeout=3. comms simulation=False
create new session 4721016272
Get Handler timed out. timeout=0.25. comms simulation=False
add association IR992
get identifier "65779"
setting analysis irradiation position=<pychron.dvc.dvc_orm.IrradiationPositionTbl object at 0x151c64710>
close session 4721016272
================= post measurement finished
14:58:04 -- ******* Post Run Check *******
loading queue conditionals post_run_actions
queue conditionals path /Users/obama/PychronDev/queue_conditionals/normal.yaml
loading conditionals from /Users/obama/PychronDev/queue_conditionals/normal.yaml
loading system conditionals post_run_actions
loading conditionals from /Users/obama/PychronDev/setupfiles/spectrometer/default_conditionals.yaml
loading queue conditionals post_run_terminations
queue conditionals path /Users/obama/PychronDev/queue_conditionals/normal.yaml
loading conditionals from /Users/obama/PychronDev/queue_conditionals/normal.yaml
loading system conditionals post_run_terminations
loading conditionals from /Users/obama/PychronDev/setupfiles/spectrometer/default_conditionals.yaml
Checking default post run terminations n=1
GetDeflection L2 (CDD) ===>> 0
testing L2_CDD_==3250
evaluate ot="L2(CDD).deflection==3250" t="L2_CDD_==3250", ctx="{'L2_CDD_': 0.0}"
14:58:04 -- ******* Post Run Check Passed *******
14:58:04 -- Automated run 65779-01M truncated duration: 563.685 s
----------------- finish -----------------
----------------- stop -----------------
retroactive repository identifiers disabled
finish run. runs completed=15
write rem/ex queues
/Users/obama/PychronDev/experiments/rem/CurrentExperiment.rem.txt
/Users/obama/PychronDev/experiments/rem/CurrentExperiment.ex.txt
doing event level: 3
add run
